<?xml version="1.0" encoding="UTF-8"?>
<!-- Generated by org.testng.reporters.JUnitXMLReporter -->
<testsuite ignored="0" hostname="LAPTOP-1MC78KE5" failures="0" tests="6" name="Default test" time="76.606" errors="0" timestamp="2025-06-04T12:16:46 IST">
  <testcase classname="TestBase.LoginPageTest" name="testInvalidPassword" time="22.947"/>
  <testcase classname="TestBase.LoginPageTest" name="testInvalidUsername" time="21.594"/>
  <testcase classname="TestBase.LoginPageTest" name="testEmptyFields" time="20.727"/>
  <testcase classname="TestBase.LoginPageTest" name="testPlaceholderText" time="0.049"/>
  <testcase classname="TestBase.LoginPageTest" name="testForgotPasswordLink" time="0.687"/>
  <testcase classname="TestBase.LoginPageTest" name="testValidLogin" time="3.291"/>
</testsuite> <!-- Default test -->
