<?xml version="1.0" encoding="UTF-8"?>
<testng-results ignored="0" total="6" passed="6" failed="0" skipped="0">
  <reporter-output>
  </reporter-output>
  <suite started-at="2025-06-04T12:15:29 IST" name="Default suite" finished-at="2025-06-04T12:16:46 IST" duration-ms="76606">
    <groups>
    </groups>
    <test started-at="2025-06-04T12:15:29 IST" name="Default test" finished-at="2025-06-04T12:16:46 IST" duration-ms="76606">
      <class name="TestBase.LoginPageTest">
        <test-method is-config="true" signature="setup()[pri:0, instance:TestBase.LoginPageTest@313ac989]" started-at="2025-06-04T12:15:29 IST" name="setup" finished-at="2025-06-04T12:15:36 IST" duration-ms="7034" status="PASS">
          <reporter-output>
          </reporter-output>
        </test-method> <!-- setup -->
        <test-method signature="testInvalidPassword()[pri:1, instance:TestBase.LoginPageTest@313ac989]" started-at="2025-06-04T12:15:36 IST" name="testInvalidPassword" finished-at="2025-06-04T12:15:59 IST" duration-ms="22947" status="PASS">
          <reporter-output>
          </reporter-output>
        </test-method> <!-- testInvalidPassword -->
        <test-method signature="testInvalidUsername()[pri:2, instance:TestBase.LoginPageTest@313ac989]" started-at="2025-06-04T12:15:59 IST" name="testInvalidUsername" finished-at="2025-06-04T12:16:21 IST" duration-ms="21594" status="PASS">
          <reporter-output>
          </reporter-output>
        </test-method> <!-- testInvalidUsername -->
        <test-method signature="testEmptyFields()[pri:3, instance:TestBase.LoginPageTest@313ac989]" started-at="2025-06-04T12:16:21 IST" name="testEmptyFields" finished-at="2025-06-04T12:16:42 IST" duration-ms="20727" status="PASS">
          <reporter-output>
          </reporter-output>
        </test-method> <!-- testEmptyFields -->
        <test-method signature="testPlaceholderText()[pri:4, instance:TestBase.LoginPageTest@313ac989]" started-at="2025-06-04T12:16:42 IST" name="testPlaceholderText" finished-at="2025-06-04T12:16:42 IST" duration-ms="49" status="PASS">
          <reporter-output>
          </reporter-output>
        </test-method> <!-- testPlaceholderText -->
        <test-method signature="testForgotPasswordLink()[pri:5, instance:TestBase.LoginPageTest@313ac989]" started-at="2025-06-04T12:16:42 IST" name="testForgotPasswordLink" finished-at="2025-06-04T12:16:42 IST" duration-ms="687" status="PASS">
          <reporter-output>
          </reporter-output>
        </test-method> <!-- testForgotPasswordLink -->
        <test-method signature="testValidLogin()[pri:6, instance:TestBase.LoginPageTest@313ac989]" started-at="2025-06-04T12:16:42 IST" name="testValidLogin" finished-at="2025-06-04T12:16:46 IST" duration-ms="3291" status="PASS">
          <reporter-output>
          </reporter-output>
        </test-method> <!-- testValidLogin -->
        <test-method is-config="true" signature="terminate()[pri:0, instance:TestBase.LoginPageTest@313ac989]" started-at="2025-06-04T12:16:46 IST" name="terminate" finished-at="2025-06-04T12:16:46 IST" duration-ms="191" status="PASS">
          <reporter-output>
          </reporter-output>
        </test-method> <!-- terminate -->
      </class> <!-- TestBase.LoginPageTest -->
    </test> <!-- Default test -->
  </suite> <!-- Default suite -->
</testng-results>
